<?xml version="1.0" encoding="UTF-8"?>
<!-- Generated by org.testng.reporters.JUnitReportReporter -->
<testsuite hostname="Muhirwa" failures="0" tests="1" name="test.LoginTest" time="14.851" errors="0" timestamp="2024-06-05T16:02:26 CDT" skipped="0">
  <testcase classname="test.LoginTest" name="validUSerShouldBeAbleToLoginIn" time="14.851"/>
</testsuite> <!-- test.LoginTest -->
